  CameraToColorMapper.cpp
c:\users\vladimir\cv\kinectonereader\convert\cameratocolormapper\cameratocolormapper\cameratocolormapper.cpp(79): warning C4244: =: преобразование "double" в "float", возможна потеря данных
c:\users\vladimir\cv\kinectonereader\convert\cameratocolormapper\cameratocolormapper\cameratocolormapper.cpp(80): warning C4244: =: преобразование "double" в "float", возможна потеря данных
c:\users\vladimir\cv\kinectonereader\convert\cameratocolormapper\cameratocolormapper\cameratocolormapper.cpp(81): warning C4244: =: преобразование "double" в "float", возможна потеря данных
c:\users\vladimir\cv\kinectonereader\convert\cameratocolormapper\cameratocolormapper\cameratocolormapper.cpp(124): warning C4838: преобразование из "int" в "const unsigned int" требует сужающего преобразования
c:\users\vladimir\cv\kinectonereader\convert\cameratocolormapper\cameratocolormapper\cnpy\cnpy.h(87): warning C4018: <: несоответствие типов со знаком и без знака
  c:\users\vladimir\cv\kinectonereader\convert\cameratocolormapper\cameratocolormapper\cameratocolormapper.cpp(125): note: см. ссылку на создание экземпляров функции шаблон при компиляции "void cnpy::npy_save<float>(std::string,const T *,const unsigned int *,const unsigned int,std::string)"
          with
          [
              T=float
          ]
c:\users\vladimir\cv\kinectonereader\convert\cameratocolormapper\cameratocolormapper\cnpy\cnpy.h(109): warning C4018: <: несоответствие типов со знаком и без знака
c:\users\vladimir\cv\kinectonereader\convert\cameratocolormapper\cameratocolormapper\cnpy\cnpy.h(68): warning C4996: 'fopen': This function or variable may be unsafe. Consider using fopen_s instead. To disable deprecation, use _CRT_SECURE_NO_WARNINGS. See online help for details.
  c:\program files (x86)\windows kits\10\include\10.0.10240.0\ucrt\stdio.h(205): note:  см. объявление "fopen"
c:\users\vladimir\cv\kinectonereader\convert\cameratocolormapper\cameratocolormapper\cnpy\cnpy.h(103): warning C4996: 'fopen': This function or variable may be unsafe. Consider using fopen_s instead. To disable deprecation, use _CRT_SECURE_NO_WARNINGS. See online help for details.
  c:\program files (x86)\windows kits\10\include\10.0.10240.0\ucrt\stdio.h(205): note:  см. объявление "fopen"
c:\users\vladimir\cv\kinectonereader\convert\cameratocolormapper\cameratocolormapper\cnpy\cnpy.h(215): warning C4018: <: несоответствие типов со знаком и без знака
  c:\users\vladimir\cv\kinectonereader\convert\cameratocolormapper\cameratocolormapper\cnpy\cnpy.h(96): note: см. ссылку на создание экземпляров функции шаблон при компиляции "std::vector<char,std::allocator<char>> cnpy::create_npy_header<T>(const T *,const unsigned int *,const unsigned int)"
          with
          [
              T=float
          ]
  c:\users\vladimir\cv\kinectonereader\convert\cameratocolormapper\cameratocolormapper\cameratocolormapper.cpp(125): note: см. ссылку на создание экземпляров функции шаблон при компиляции "void cnpy::npy_save<float>(std::string,const T *,const unsigned int *,const unsigned int,std::string)"
          with
          [
              T=float
          ]
  CameraToColorMapper.vcxproj -> C:\Users\Vladimir\cv\kinectonereader\convert\CameraToColorMapper\Debug\CameraToColorMapper.exe
  CameraToColorMapper.vcxproj -> C:\Users\Vladimir\cv\kinectonereader\convert\CameraToColorMapper\Debug\CameraToColorMapper.pdb (Full PDB)
