  CameraToColorMapper.cpp
CameraToColorMapper.cpp(79): warning C4244: =: преобразование "double" в "float", возможна потеря данных
CameraToColorMapper.cpp(80): warning C4244: =: преобразование "double" в "float", возможна потеря данных
CameraToColorMapper.cpp(81): warning C4244: =: преобразование "double" в "float", возможна потеря данных
CameraToColorMapper.cpp(124): warning C4838: преобразование из "int" в "const unsigned int" требует сужающего преобразования
c:\users\vladimir\cv\kinectonereader\convert\cameratocolormapper\cameratocolormapper\cnpy/cnpy.h(87): warning C4018: <: несоответствие типов со знаком и без знака
  CameraToColorMapper.cpp(125): note: см. ссылку на создание экземпляров функции шаблон при компиляции "void cnpy::npy_save<float>(std::string,const T *,const unsigned int *,const unsigned int,std::string)"
          with
          [
              T=float
          ]
c:\users\vladimir\cv\kinectonereader\convert\cameratocolormapper\cameratocolormapper\cnpy/cnpy.h(109): warning C4018: <: несоответствие типов со знаком и без знака
c:\users\vladimir\cv\kinectonereader\convert\cameratocolormapper\cameratocolormapper\cnpy/cnpy.h(68): warning C4996: 'fopen': This function or variable may be unsafe. Consider using fopen_s instead. To disable deprecation, use _CRT_SECURE_NO_WARNINGS. See online help for details.
  C:\Program Files (x86)\Windows Kits\10\Include\10.0.10240.0\ucrt\stdio.h(205): note:  см. объявление "fopen"
c:\users\vladimir\cv\kinectonereader\convert\cameratocolormapper\cameratocolormapper\cnpy/cnpy.h(103): warning C4996: 'fopen': This function or variable may be unsafe. Consider using fopen_s instead. To disable deprecation, use _CRT_SECURE_NO_WARNINGS. See online help for details.
  C:\Program Files (x86)\Windows Kits\10\Include\10.0.10240.0\ucrt\stdio.h(205): note:  см. объявление "fopen"
c:\users\vladimir\cv\kinectonereader\convert\cameratocolormapper\cameratocolormapper\cnpy/cnpy.h(215): warning C4018: <: несоответствие типов со знаком и без знака
  c:\users\vladimir\cv\kinectonereader\convert\cameratocolormapper\cameratocolormapper\cnpy/cnpy.h(96): note: см. ссылку на создание экземпляров функции шаблон при компиляции "std::vector<char,std::allocator<char>> cnpy::create_npy_header<T>(const T *,const unsigned int *,const unsigned int)"
          with
          [
              T=float
          ]
  CameraToColorMapper.cpp(125): note: см. ссылку на создание экземпляров функции шаблон при компиляции "void cnpy::npy_save<float>(std::string,const T *,const unsigned int *,const unsigned int,std::string)"
          with
          [
              T=float
          ]
  cnpy.cpp
cnpy\cnpy.cpp(138): warning C4244: инициализация: преобразование "unsigned __int64" в "unsigned int", возможна потеря данных
cnpy\cnpy.cpp(140): warning C4244: аргумент: преобразование "unsigned __int64" в "std::size_t", возможна потеря данных
cnpy\cnpy.cpp(147): warning C4996: 'fopen': This function or variable may be unsafe. Consider using fopen_s instead. To disable deprecation, use _CRT_SECURE_NO_WARNINGS. See online help for details.
  C:\Program Files (x86)\Windows Kits\10\Include\10.0.10240.0\ucrt\stdio.h(205): note:  см. объявление "fopen"
cnpy\cnpy.cpp(190): warning C4996: 'fopen': This function or variable may be unsafe. Consider using fopen_s instead. To disable deprecation, use _CRT_SECURE_NO_WARNINGS. See online help for details.
  C:\Program Files (x86)\Windows Kits\10\Include\10.0.10240.0\ucrt\stdio.h(205): note:  см. объявление "fopen"
cnpy\cnpy.cpp(237): warning C4996: 'fopen': This function or variable may be unsafe. Consider using fopen_s instead. To disable deprecation, use _CRT_SECURE_NO_WARNINGS. See online help for details.
  C:\Program Files (x86)\Windows Kits\10\Include\10.0.10240.0\ucrt\stdio.h(205): note:  см. объявление "fopen"
  stdafx.cpp
  Создание кода
  All 427 functions were compiled because no usable IPDB/IOBJ from previous compilation was found.
  Создание кода завершено
  CameraToColorMapper.vcxproj -> C:\Users\Vladimir\cv\kinectonereader\convert\CameraToColorMapper\Release\CameraToColorMapper.exe
  CameraToColorMapper.vcxproj -> C:\Users\Vladimir\cv\kinectonereader\convert\CameraToColorMapper\Release\CameraToColorMapper.pdb (Full PDB)
