  NpyToPly_VS.cpp
NpyToPly_VS.cpp(161): warning C4838: преобразование из "int" в "const unsigned int" требует сужающего преобразования
NpyToPly_VS.cpp(176): warning C4244: =: преобразование "double" в "UINT16", возможна потеря данных
c:\users\vladimir\cv\kinectonereader\convert\npytoply_vs\npytoply_vs\cnpy/cnpy.h(87): warning C4018: <: несоответствие типов со знаком и без знака
  NpyToPly_VS.cpp(162): note: см. ссылку на создание экземпляров функции шаблон при компиляции "void cnpy::npy_save<float>(std::string,const T *,const unsigned int *,const unsigned int,std::string)"
          with
          [
              T=float
          ]
c:\users\vladimir\cv\kinectonereader\convert\npytoply_vs\npytoply_vs\cnpy/cnpy.h(109): warning C4018: <: несоответствие типов со знаком и без знака
c:\users\vladimir\cv\kinectonereader\convert\npytoply_vs\npytoply_vs\cnpy/cnpy.h(68): warning C4996: 'fopen': This function or variable may be unsafe. Consider using fopen_s instead. To disable deprecation, use _CRT_SECURE_NO_WARNINGS. See online help for details.
  C:\Program Files (x86)\Windows Kits\10\Include\10.0.10240.0\ucrt\stdio.h(205): note:  см. объявление "fopen"
c:\users\vladimir\cv\kinectonereader\convert\npytoply_vs\npytoply_vs\cnpy/cnpy.h(103): warning C4996: 'fopen': This function or variable may be unsafe. Consider using fopen_s instead. To disable deprecation, use _CRT_SECURE_NO_WARNINGS. See online help for details.
  C:\Program Files (x86)\Windows Kits\10\Include\10.0.10240.0\ucrt\stdio.h(205): note:  см. объявление "fopen"
c:\users\vladimir\cv\kinectonereader\convert\npytoply_vs\npytoply_vs\cnpy/cnpy.h(215): warning C4018: <: несоответствие типов со знаком и без знака
  c:\users\vladimir\cv\kinectonereader\convert\npytoply_vs\npytoply_vs\cnpy/cnpy.h(96): note: см. ссылку на создание экземпляров функции шаблон при компиляции "std::vector<char,std::allocator<char>> cnpy::create_npy_header<T>(const T *,const unsigned int *,const unsigned int)"
          with
          [
              T=float
          ]
  NpyToPly_VS.cpp(162): note: см. ссылку на создание экземпляров функции шаблон при компиляции "void cnpy::npy_save<float>(std::string,const T *,const unsigned int *,const unsigned int,std::string)"
          with
          [
              T=float
          ]
  Создание кода
  1 of 616 functions ( 0.2%) were compiled, the rest were copied from previous compilation.
    0 functions were new in current compilation
    24 functions had inline decision re-evaluated but remain unchanged
  Создание кода завершено
  NpyToPly_VS.vcxproj -> C:\Users\Vladimir\cv\kinectonereader\convert\NpyToPly_VS\Release\NpyToPly_VS.exe
  NpyToPly_VS.vcxproj -> C:\Users\Vladimir\cv\kinectonereader\convert\NpyToPly_VS\Release\NpyToPly_VS.pdb (Full PDB)
