Сборка начата 25.10.2016 18:48:46.
     1>Проект "C:\Users\Vladimir\Documents\Visual Studio 2013\Projects\kinectonereader\windows\sdk2_full\KinectReader\KinectReader.vcxproj" в узле 2 (целевые объекты Build).
     1>ClCompile:
         C:\Program Files (x86)\Microsoft Visual Studio 12.0\VC\bin\CL.exe /c /IC:\opencv\vc12/include /Zi /nologo /W3 /WX- /O2 /Oi /Oy- /GL /D WIN32 /D NDEBUG /D _CONSOLE /D _LIB /D _UNICODE /D UNICODE /Gm- /EHsc /MD /GS /Gy /fp:precise /Zc:wchar_t /Zc:forScope /Fo"Release\\" /Fd"Release\vc120.pdb" /Gd /TP /analyze- /errorReport:prompt KinectReader.cpp
         KinectReader.cpp
     1>KinectReader.cpp(262): warning C4800: const bool *: принудительно задано логическое значение "true" или "false" (предупреждение о производительности)
     1>KinectReader.cpp(879): warning C4996: 'fopen': This function or variable may be unsafe. Consider using fopen_s instead. To disable deprecation, use _CRT_SECURE_NO_WARNINGS. See online help for details.
                 C:\Program Files (x86)\Microsoft Visual Studio 12.0\VC\include\stdio.h(211): см. объявление "fopen"
     1>c:\users\vladimir\documents\visual studio 2013\projects\kinectonereader\windows\sdk2_full\kinectreader\cnpy\cnpy.h(68): warning C4996: 'fopen': This function or variable may be unsafe. Consider using fopen_s instead. To disable deprecation, use _CRT_SECURE_NO_WARNINGS. See online help for details.
                 C:\Program Files (x86)\Microsoft Visual Studio 12.0\VC\include\stdio.h(211): см. объявление "fopen"
                 KinectReader.cpp(100): см. ссылку на создание экземпляров функции шаблон при компиляции "void cnpy::npy_save<int>(std::string,const T *,const unsigned int *,const unsigned int,std::string)"
                 with
                 [
                     T=int
                 ]
     1>c:\users\vladimir\documents\visual studio 2013\projects\kinectonereader\windows\sdk2_full\kinectreader\cnpy\cnpy.h(87): warning C4018: <: несоответствие типов со знаком и без знака
     1>c:\users\vladimir\documents\visual studio 2013\projects\kinectonereader\windows\sdk2_full\kinectreader\cnpy\cnpy.h(103): warning C4996: 'fopen': This function or variable may be unsafe. Consider using fopen_s instead. To disable deprecation, use _CRT_SECURE_NO_WARNINGS. See online help for details.
                 C:\Program Files (x86)\Microsoft Visual Studio 12.0\VC\include\stdio.h(211): см. объявление "fopen"
     1>c:\users\vladimir\documents\visual studio 2013\projects\kinectonereader\windows\sdk2_full\kinectreader\cnpy\cnpy.h(109): warning C4018: <: несоответствие типов со знаком и без знака
     1>c:\users\vladimir\documents\visual studio 2013\projects\kinectonereader\windows\sdk2_full\kinectreader\cnpy\cnpy.h(215): warning C4018: <: несоответствие типов со знаком и без знака
                 c:\users\vladimir\documents\visual studio 2013\projects\kinectonereader\windows\sdk2_full\kinectreader\cnpy\cnpy.h(96): см. ссылку на создание экземпляров функции шаблон при компиляции "std::vector<char,std::allocator<char>> cnpy::create_npy_header<T>(const T *,const unsigned int *,const unsigned int)"
                 with
                 [
                     T=int
                 ]
                 KinectReader.cpp(100): см. ссылку на создание экземпляров функции шаблон при компиляции "void cnpy::npy_save<int>(std::string,const T *,const unsigned int *,const unsigned int,std::string)"
                 with
                 [
                     T=int
                 ]
       Link:
         C:\Program Files (x86)\Microsoft Visual Studio 12.0\VC\bin\link.exe /ERRORREPORT:PROMPT /OUT:"C:\Users\Vladimir\Documents\Visual Studio 2013\Projects\kinectonereader\windows\sdk2_full\KinectReader\Release\KinectReader.exe" /INCREMENTAL:NO /NOLOGO /LIBPATH:C:\opencv\vc12\lib opencv_core2413.lib opencv_highgui2413.lib windowscodecs.lib kernel32.lib user32.lib gdi32.lib winspool.lib comdlg32.lib advapi32.lib shell32.lib ole32.lib oleaut32.lib uuid.lib odbc32.lib odbccp32.lib kinect20.lib kernel32.lib user32.lib gdi32.lib winspool.lib comdlg32.lib advapi32.lib shell32.lib ole32.lib oleaut32.lib uuid.lib odbc32.lib odbccp32.lib /MANIFEST /MANIFESTUAC:"level='asInvoker' uiAccess='false'" /manifest:embed /DEBUG /PDB:"C:\Users\Vladimir\Documents\Visual Studio 2013\Projects\kinectonereader\windows\sdk2_full\KinectReader\Release\KinectReader.pdb" /SUBSYSTEM:CONSOLE /OPT:REF /OPT:ICF /LTCG /TLBID:1 /DYNAMICBASE /NXCOMPAT /IMPLIB:"C:\Users\Vladimir\Documents\Visual Studio 2013\Projects\kinectonereader\windows\sdk2_full\KinectReader\Release\KinectReader.lib" /MACHINE:X86 /SAFESEH Release\cnpy.obj
         Release\KinectReader.obj
         Release\rply.obj
         Release\stdafx.obj
         Создание кода
         Создание кода завершено
         KinectReader.vcxproj -> C:\Users\Vladimir\Documents\Visual Studio 2013\Projects\kinectonereader\windows\sdk2_full\KinectReader\Release\KinectReader.exe
     1>Сборка проекта "C:\Users\Vladimir\Documents\Visual Studio 2013\Projects\kinectonereader\windows\sdk2_full\KinectReader\KinectReader.vcxproj" завершена (целевые объекты Build).

Сборка успешно завершена.

Затраченное время: 00:00:01.43
